<?xml version="1.0" encoding="UTF-8"?>
<testsuite xmlns:xsi="http://www.w3.org/2001/XMLSchema-instance" xsi:noNamespaceSchemaLocation="https://maven.apache.org/surefire/maven-surefire-plugin/xsd/surefire-test-report-3.0.xsd" version="3.0" name="com.samsung.springboot.SpringbootApplicationTests" time="5.538" tests="1" errors="0" skipped="0" failures="0">
  <properties>
    <property name="java.specification.version" value="17"/>
    <property name="sun.cpu.isalist" value="amd64"/>
    <property name="sun.jnu.encoding" value="Cp1252"/>
    <property name="java.class.path" value="C:\Projects\FullStack\samsung\catalogo-back\target\test-classes;C:\Projects\FullStack\samsung\catalogo-back\target\classes;C:\Users\WILopes\.m2\repository\org\springframework\boot\spring-boot-starter-web\3.1.0\spring-boot-starter-web-3.1.0.jar;C:\Users\WILopes\.m2\repository\org\springframework\boot\spring-boot-starter\3.1.0\spring-boot-starter-3.1.0.jar;C:\Users\WILopes\.m2\repository\org\springframework\boot\spring-boot-starter-logging\3.1.0\spring-boot-starter-logging-3.1.0.jar;C:\Users\WILopes\.m2\repository\ch\qos\logback\logback-classic\1.4.7\logback-classic-1.4.7.jar;C:\Users\WILopes\.m2\repository\ch\qos\logback\logback-core\1.4.7\logback-core-1.4.7.jar;C:\Users\WILopes\.m2\repository\org\apache\logging\log4j\log4j-to-slf4j\2.20.0\log4j-to-slf4j-2.20.0.jar;C:\Users\WILopes\.m2\repository\org\apache\logging\log4j\log4j-api\2.20.0\log4j-api-2.20.0.jar;C:\Users\WILopes\.m2\repository\org\slf4j\jul-to-slf4j\2.0.7\jul-to-slf4j-2.0.7.jar;C:\Users\WILopes\.m2\repository\jakarta\annotation\jakarta.annotation-api\2.1.1\jakarta.annotation-api-2.1.1.jar;C:\Users\WILopes\.m2\repository\org\yaml\snakeyaml\1.33\snakeyaml-1.33.jar;C:\Users\WILopes\.m2\repository\org\springframework\boot\spring-boot-starter-json\3.1.0\spring-boot-starter-json-3.1.0.jar;C:\Users\WILopes\.m2\repository\com\fasterxml\jackson\datatype\jackson-datatype-jdk8\2.15.0\jackson-datatype-jdk8-2.15.0.jar;C:\Users\WILopes\.m2\repository\com\fasterxml\jackson\datatype\jackson-datatype-jsr310\2.15.0\jackson-datatype-jsr310-2.15.0.jar;C:\Users\WILopes\.m2\repository\com\fasterxml\jackson\module\jackson-module-parameter-names\2.15.0\jackson-module-parameter-names-2.15.0.jar;C:\Users\WILopes\.m2\repository\org\springframework\boot\spring-boot-starter-tomcat\3.1.0\spring-boot-starter-tomcat-3.1.0.jar;C:\Users\WILopes\.m2\repository\org\apache\tomcat\embed\tomcat-embed-core\10.1.8\tomcat-embed-core-10.1.8.jar;C:\Users\WILopes\.m2\repository\org\apache\tomcat\embed\tomcat-embed-websocket\10.1.8\tomcat-embed-websocket-10.1.8.jar;C:\Users\WILopes\.m2\repository\org\springframework\spring-web\6.0.9\spring-web-6.0.9.jar;C:\Users\WILopes\.m2\repository\org\springframework\spring-beans\6.0.9\spring-beans-6.0.9.jar;C:\Users\WILopes\.m2\repository\io\micrometer\micrometer-observation\1.11.0\micrometer-observation-1.11.0.jar;C:\Users\WILopes\.m2\repository\io\micrometer\micrometer-commons\1.11.0\micrometer-commons-1.11.0.jar;C:\Users\WILopes\.m2\repository\org\springframework\spring-webmvc\6.0.9\spring-webmvc-6.0.9.jar;C:\Users\WILopes\.m2\repository\org\springframework\spring-context\6.0.9\spring-context-6.0.9.jar;C:\Users\WILopes\.m2\repository\org\springframework\spring-expression\6.0.9\spring-expression-6.0.9.jar;C:\Users\WILopes\.m2\repository\org\springframework\boot\spring-boot-starter-data-jpa\3.1.0\spring-boot-starter-data-jpa-3.1.0.jar;C:\Users\WILopes\.m2\repository\org\springframework\boot\spring-boot-starter-aop\3.1.0\spring-boot-starter-aop-3.1.0.jar;C:\Users\WILopes\.m2\repository\org\aspectj\aspectjweaver\1.9.19\aspectjweaver-1.9.19.jar;C:\Users\WILopes\.m2\repository\org\springframework\boot\spring-boot-starter-jdbc\3.1.0\spring-boot-starter-jdbc-3.1.0.jar;C:\Users\WILopes\.m2\repository\com\zaxxer\HikariCP\5.0.1\HikariCP-5.0.1.jar;C:\Users\WILopes\.m2\repository\org\springframework\spring-jdbc\6.0.9\spring-jdbc-6.0.9.jar;C:\Users\WILopes\.m2\repository\org\hibernate\orm\hibernate-core\6.2.2.Final\hibernate-core-6.2.2.Final.jar;C:\Users\WILopes\.m2\repository\jakarta\persistence\jakarta.persistence-api\3.1.0\jakarta.persistence-api-3.1.0.jar;C:\Users\WILopes\.m2\repository\jakarta\transaction\jakarta.transaction-api\2.0.1\jakarta.transaction-api-2.0.1.jar;C:\Users\WILopes\.m2\repository\org\jboss\logging\jboss-logging\3.5.0.Final\jboss-logging-3.5.0.Final.jar;C:\Users\WILopes\.m2\repository\org\hibernate\common\hibernate-commons-annotations\6.0.6.Final\hibernate-commons-annotations-6.0.6.Final.jar;C:\Users\WILopes\.m2\repository\io\smallrye\jandex\3.0.5\jandex-3.0.5.jar;C:\Users\WILopes\.m2\repository\com\fasterxml\classmate\1.5.1\classmate-1.5.1.jar;C:\Users\WILopes\.m2\repository\net\bytebuddy\byte-buddy\1.14.4\byte-buddy-1.14.4.jar;C:\Users\WILopes\.m2\repository\org\glassfish\jaxb\jaxb-runtime\4.0.2\jaxb-runtime-4.0.2.jar;C:\Users\WILopes\.m2\repository\org\glassfish\jaxb\jaxb-core\4.0.2\jaxb-core-4.0.2.jar;C:\Users\WILopes\.m2\repository\org\eclipse\angus\angus-activation\2.0.0\angus-activation-2.0.0.jar;C:\Users\WILopes\.m2\repository\org\glassfish\jaxb\txw2\4.0.2\txw2-4.0.2.jar;C:\Users\WILopes\.m2\repository\com\sun\istack\istack-commons-runtime\4.1.1\istack-commons-runtime-4.1.1.jar;C:\Users\WILopes\.m2\repository\jakarta\inject\jakarta.inject-api\2.0.1\jakarta.inject-api-2.0.1.jar;C:\Users\WILopes\.m2\repository\org\antlr\antlr4-runtime\4.10.1\antlr4-runtime-4.10.1.jar;C:\Users\WILopes\.m2\repository\org\springframework\data\spring-data-jpa\3.1.0\spring-data-jpa-3.1.0.jar;C:\Users\WILopes\.m2\repository\org\springframework\data\spring-data-commons\3.1.0\spring-data-commons-3.1.0.jar;C:\Users\WILopes\.m2\repository\org\springframework\spring-orm\6.0.9\spring-orm-6.0.9.jar;C:\Users\WILopes\.m2\repository\org\springframework\spring-tx\6.0.9\spring-tx-6.0.9.jar;C:\Users\WILopes\.m2\repository\org\slf4j\slf4j-api\2.0.7\slf4j-api-2.0.7.jar;C:\Users\WILopes\.m2\repository\org\springframework\spring-aspects\6.0.9\spring-aspects-6.0.9.jar;C:\Users\WILopes\.m2\repository\com\mysql\mysql-connector-j\8.0.33\mysql-connector-j-8.0.33.jar;C:\Users\WILopes\.m2\repository\org\springframework\boot\spring-boot-starter-validation\3.1.0\spring-boot-starter-validation-3.1.0.jar;C:\Users\WILopes\.m2\repository\org\apache\tomcat\embed\tomcat-embed-el\10.1.8\tomcat-embed-el-10.1.8.jar;C:\Users\WILopes\.m2\repository\org\hibernate\validator\hibernate-validator\8.0.0.Final\hibernate-validator-8.0.0.Final.jar;C:\Users\WILopes\.m2\repository\jakarta\validation\jakarta.validation-api\3.0.2\jakarta.validation-api-3.0.2.jar;C:\Users\WILopes\.m2\repository\org\springframework\boot\spring-boot-starter-test\3.1.0\spring-boot-starter-test-3.1.0.jar;C:\Users\WILopes\.m2\repository\org\springframework\boot\spring-boot-test\3.1.0\spring-boot-test-3.1.0.jar;C:\Users\WILopes\.m2\repository\org\springframework\boot\spring-boot-test-autoconfigure\3.1.0\spring-boot-test-autoconfigure-3.1.0.jar;C:\Users\WILopes\.m2\repository\com\jayway\jsonpath\json-path\2.8.0\json-path-2.8.0.jar;C:\Users\WILopes\.m2\repository\jakarta\xml\bind\jakarta.xml.bind-api\4.0.0\jakarta.xml.bind-api-4.0.0.jar;C:\Users\WILopes\.m2\repository\jakarta\activation\jakarta.activation-api\2.1.2\jakarta.activation-api-2.1.2.jar;C:\Users\WILopes\.m2\repository\net\minidev\json-smart\2.4.10\json-smart-2.4.10.jar;C:\Users\WILopes\.m2\repository\net\minidev\accessors-smart\2.4.9\accessors-smart-2.4.9.jar;C:\Users\WILopes\.m2\repository\org\ow2\asm\asm\9.3\asm-9.3.jar;C:\Users\WILopes\.m2\repository\org\assertj\assertj-core\3.24.2\assertj-core-3.24.2.jar;C:\Users\WILopes\.m2\repository\org\hamcrest\hamcrest\2.2\hamcrest-2.2.jar;C:\Users\WILopes\.m2\repository\org\junit\jupiter\junit-jupiter\5.9.3\junit-jupiter-5.9.3.jar;C:\Users\WILopes\.m2\repository\org\junit\jupiter\junit-jupiter-api\5.9.3\junit-jupiter-api-5.9.3.jar;C:\Users\WILopes\.m2\repository\org\opentest4j\opentest4j\1.2.0\opentest4j-1.2.0.jar;C:\Users\WILopes\.m2\repository\org\junit\platform\junit-platform-commons\1.9.3\junit-platform-commons-1.9.3.jar;C:\Users\WILopes\.m2\repository\org\apiguardian\apiguardian-api\1.1.2\apiguardian-api-1.1.2.jar;C:\Users\WILopes\.m2\repository\org\junit\jupiter\junit-jupiter-params\5.9.3\junit-jupiter-params-5.9.3.jar;C:\Users\WILopes\.m2\repository\org\junit\jupiter\junit-jupiter-engine\5.9.3\junit-jupiter-engine-5.9.3.jar;C:\Users\WILopes\.m2\repository\org\junit\platform\junit-platform-engine\1.9.3\junit-platform-engine-1.9.3.jar;C:\Users\WILopes\.m2\repository\org\mockito\mockito-core\5.3.1\mockito-core-5.3.1.jar;C:\Users\WILopes\.m2\repository\net\bytebuddy\byte-buddy-agent\1.14.4\byte-buddy-agent-1.14.4.jar;C:\Users\WILopes\.m2\repository\org\objenesis\objenesis\3.3\objenesis-3.3.jar;C:\Users\WILopes\.m2\repository\org\mockito\mockito-junit-jupiter\5.3.1\mockito-junit-jupiter-5.3.1.jar;C:\Users\WILopes\.m2\repository\org\skyscreamer\jsonassert\1.5.1\jsonassert-1.5.1.jar;C:\Users\WILopes\.m2\repository\com\vaadin\external\google\android-json\0.0.20131108.vaadin1\android-json-0.0.20131108.vaadin1.jar;C:\Users\WILopes\.m2\repository\org\springframework\spring-core\6.0.9\spring-core-6.0.9.jar;C:\Users\WILopes\.m2\repository\org\springframework\spring-jcl\6.0.9\spring-jcl-6.0.9.jar;C:\Users\WILopes\.m2\repository\org\springframework\spring-test\6.0.9\spring-test-6.0.9.jar;C:\Users\WILopes\.m2\repository\org\xmlunit\xmlunit-core\2.9.1\xmlunit-core-2.9.1.jar;C:\Users\WILopes\.m2\repository\org\springframework\boot\spring-boot-starter-security\3.1.0\spring-boot-starter-security-3.1.0.jar;C:\Users\WILopes\.m2\repository\org\springframework\spring-aop\6.0.9\spring-aop-6.0.9.jar;C:\Users\WILopes\.m2\repository\org\springframework\security\spring-security-config\6.1.0\spring-security-config-6.1.0.jar;C:\Users\WILopes\.m2\repository\org\springframework\security\spring-security-web\6.1.0\spring-security-web-6.1.0.jar;C:\Users\WILopes\.m2\repository\org\springframework\boot\spring-boot-devtools\3.1.0\spring-boot-devtools-3.1.0.jar;C:\Users\WILopes\.m2\repository\org\springframework\boot\spring-boot\3.1.0\spring-boot-3.1.0.jar;C:\Users\WILopes\.m2\repository\org\springframework\boot\spring-boot-autoconfigure\3.1.0\spring-boot-autoconfigure-3.1.0.jar;C:\Users\WILopes\.m2\repository\org\springframework\security\spring-security-test\6.1.0\spring-security-test-6.1.0.jar;C:\Users\WILopes\.m2\repository\org\springframework\security\spring-security-core\6.1.0\spring-security-core-6.1.0.jar;C:\Users\WILopes\.m2\repository\org\springframework\security\spring-security-crypto\6.1.0\spring-security-crypto-6.1.0.jar;C:\Users\WILopes\.m2\repository\io\jsonwebtoken\jjwt-api\0.11.5\jjwt-api-0.11.5.jar;C:\Users\WILopes\.m2\repository\io\jsonwebtoken\jjwt-impl\0.11.5\jjwt-impl-0.11.5.jar;C:\Users\WILopes\.m2\repository\io\jsonwebtoken\jjwt-jackson\0.11.5\jjwt-jackson-0.11.5.jar;C:\Users\WILopes\.m2\repository\com\fasterxml\jackson\core\jackson-databind\2.15.0\jackson-databind-2.15.0.jar;C:\Users\WILopes\.m2\repository\com\fasterxml\jackson\core\jackson-annotations\2.15.0\jackson-annotations-2.15.0.jar;C:\Users\WILopes\.m2\repository\com\fasterxml\jackson\core\jackson-core\2.15.0\jackson-core-2.15.0.jar;"/>
    <property name="java.vm.vendor" value="Oracle Corporation"/>
    <property name="sun.arch.data.model" value="64"/>
    <property name="user.variant" value=""/>
    <property name="java.vendor.url" value="https://java.oracle.com/"/>
    <property name="user.timezone" value="America/Sao_Paulo"/>
    <property name="org.jboss.logging.provider" value="slf4j"/>
    <property name="os.name" value="Windows 11"/>
    <property name="java.vm.specification.version" value="17"/>
    <property name="sun.java.launcher" value="SUN_STANDARD"/>
    <property name="user.country" value="BR"/>
    <property name="sun.boot.library.path" value="C:\Program Files\Java\jdk-17\bin"/>
    <property name="sun.java.command" value="C:\Users\WILopes\AppData\Local\Temp\surefire16294715247340412938\surefirebooter-20240702164949555_3.jar C:\Users\WILopes\AppData\Local\Temp\surefire16294715247340412938 2024-07-02T16-49-49_398-jvmRun1 surefire-20240702164949555_1tmp surefire_0-20240702164949555_2tmp"/>
    <property name="jdk.debug" value="release"/>
    <property name="surefire.test.class.path" value="C:\Projects\FullStack\samsung\catalogo-back\target\test-classes;C:\Projects\FullStack\samsung\catalogo-back\target\classes;C:\Users\WILopes\.m2\repository\org\springframework\boot\spring-boot-starter-web\3.1.0\spring-boot-starter-web-3.1.0.jar;C:\Users\WILopes\.m2\repository\org\springframework\boot\spring-boot-starter\3.1.0\spring-boot-starter-3.1.0.jar;C:\Users\WILopes\.m2\repository\org\springframework\boot\spring-boot-starter-logging\3.1.0\spring-boot-starter-logging-3.1.0.jar;C:\Users\WILopes\.m2\repository\ch\qos\logback\logback-classic\1.4.7\logback-classic-1.4.7.jar;C:\Users\WILopes\.m2\repository\ch\qos\logback\logback-core\1.4.7\logback-core-1.4.7.jar;C:\Users\WILopes\.m2\repository\org\apache\logging\log4j\log4j-to-slf4j\2.20.0\log4j-to-slf4j-2.20.0.jar;C:\Users\WILopes\.m2\repository\org\apache\logging\log4j\log4j-api\2.20.0\log4j-api-2.20.0.jar;C:\Users\WILopes\.m2\repository\org\slf4j\jul-to-slf4j\2.0.7\jul-to-slf4j-2.0.7.jar;C:\Users\WILopes\.m2\repository\jakarta\annotation\jakarta.annotation-api\2.1.1\jakarta.annotation-api-2.1.1.jar;C:\Users\WILopes\.m2\repository\org\yaml\snakeyaml\1.33\snakeyaml-1.33.jar;C:\Users\WILopes\.m2\repository\org\springframework\boot\spring-boot-starter-json\3.1.0\spring-boot-starter-json-3.1.0.jar;C:\Users\WILopes\.m2\repository\com\fasterxml\jackson\datatype\jackson-datatype-jdk8\2.15.0\jackson-datatype-jdk8-2.15.0.jar;C:\Users\WILopes\.m2\repository\com\fasterxml\jackson\datatype\jackson-datatype-jsr310\2.15.0\jackson-datatype-jsr310-2.15.0.jar;C:\Users\WILopes\.m2\repository\com\fasterxml\jackson\module\jackson-module-parameter-names\2.15.0\jackson-module-parameter-names-2.15.0.jar;C:\Users\WILopes\.m2\repository\org\springframework\boot\spring-boot-starter-tomcat\3.1.0\spring-boot-starter-tomcat-3.1.0.jar;C:\Users\WILopes\.m2\repository\org\apache\tomcat\embed\tomcat-embed-core\10.1.8\tomcat-embed-core-10.1.8.jar;C:\Users\WILopes\.m2\repository\org\apache\tomcat\embed\tomcat-embed-websocket\10.1.8\tomcat-embed-websocket-10.1.8.jar;C:\Users\WILopes\.m2\repository\org\springframework\spring-web\6.0.9\spring-web-6.0.9.jar;C:\Users\WILopes\.m2\repository\org\springframework\spring-beans\6.0.9\spring-beans-6.0.9.jar;C:\Users\WILopes\.m2\repository\io\micrometer\micrometer-observation\1.11.0\micrometer-observation-1.11.0.jar;C:\Users\WILopes\.m2\repository\io\micrometer\micrometer-commons\1.11.0\micrometer-commons-1.11.0.jar;C:\Users\WILopes\.m2\repository\org\springframework\spring-webmvc\6.0.9\spring-webmvc-6.0.9.jar;C:\Users\WILopes\.m2\repository\org\springframework\spring-context\6.0.9\spring-context-6.0.9.jar;C:\Users\WILopes\.m2\repository\org\springframework\spring-expression\6.0.9\spring-expression-6.0.9.jar;C:\Users\WILopes\.m2\repository\org\springframework\boot\spring-boot-starter-data-jpa\3.1.0\spring-boot-starter-data-jpa-3.1.0.jar;C:\Users\WILopes\.m2\repository\org\springframework\boot\spring-boot-starter-aop\3.1.0\spring-boot-starter-aop-3.1.0.jar;C:\Users\WILopes\.m2\repository\org\aspectj\aspectjweaver\1.9.19\aspectjweaver-1.9.19.jar;C:\Users\WILopes\.m2\repository\org\springframework\boot\spring-boot-starter-jdbc\3.1.0\spring-boot-starter-jdbc-3.1.0.jar;C:\Users\WILopes\.m2\repository\com\zaxxer\HikariCP\5.0.1\HikariCP-5.0.1.jar;C:\Users\WILopes\.m2\repository\org\springframework\spring-jdbc\6.0.9\spring-jdbc-6.0.9.jar;C:\Users\WILopes\.m2\repository\org\hibernate\orm\hibernate-core\6.2.2.Final\hibernate-core-6.2.2.Final.jar;C:\Users\WILopes\.m2\repository\jakarta\persistence\jakarta.persistence-api\3.1.0\jakarta.persistence-api-3.1.0.jar;C:\Users\WILopes\.m2\repository\jakarta\transaction\jakarta.transaction-api\2.0.1\jakarta.transaction-api-2.0.1.jar;C:\Users\WILopes\.m2\repository\org\jboss\logging\jboss-logging\3.5.0.Final\jboss-logging-3.5.0.Final.jar;C:\Users\WILopes\.m2\repository\org\hibernate\common\hibernate-commons-annotations\6.0.6.Final\hibernate-commons-annotations-6.0.6.Final.jar;C:\Users\WILopes\.m2\repository\io\smallrye\jandex\3.0.5\jandex-3.0.5.jar;C:\Users\WILopes\.m2\repository\com\fasterxml\classmate\1.5.1\classmate-1.5.1.jar;C:\Users\WILopes\.m2\repository\net\bytebuddy\byte-buddy\1.14.4\byte-buddy-1.14.4.jar;C:\Users\WILopes\.m2\repository\org\glassfish\jaxb\jaxb-runtime\4.0.2\jaxb-runtime-4.0.2.jar;C:\Users\WILopes\.m2\repository\org\glassfish\jaxb\jaxb-core\4.0.2\jaxb-core-4.0.2.jar;C:\Users\WILopes\.m2\repository\org\eclipse\angus\angus-activation\2.0.0\angus-activation-2.0.0.jar;C:\Users\WILopes\.m2\repository\org\glassfish\jaxb\txw2\4.0.2\txw2-4.0.2.jar;C:\Users\WILopes\.m2\repository\com\sun\istack\istack-commons-runtime\4.1.1\istack-commons-runtime-4.1.1.jar;C:\Users\WILopes\.m2\repository\jakarta\inject\jakarta.inject-api\2.0.1\jakarta.inject-api-2.0.1.jar;C:\Users\WILopes\.m2\repository\org\antlr\antlr4-runtime\4.10.1\antlr4-runtime-4.10.1.jar;C:\Users\WILopes\.m2\repository\org\springframework\data\spring-data-jpa\3.1.0\spring-data-jpa-3.1.0.jar;C:\Users\WILopes\.m2\repository\org\springframework\data\spring-data-commons\3.1.0\spring-data-commons-3.1.0.jar;C:\Users\WILopes\.m2\repository\org\springframework\spring-orm\6.0.9\spring-orm-6.0.9.jar;C:\Users\WILopes\.m2\repository\org\springframework\spring-tx\6.0.9\spring-tx-6.0.9.jar;C:\Users\WILopes\.m2\repository\org\slf4j\slf4j-api\2.0.7\slf4j-api-2.0.7.jar;C:\Users\WILopes\.m2\repository\org\springframework\spring-aspects\6.0.9\spring-aspects-6.0.9.jar;C:\Users\WILopes\.m2\repository\com\mysql\mysql-connector-j\8.0.33\mysql-connector-j-8.0.33.jar;C:\Users\WILopes\.m2\repository\org\springframework\boot\spring-boot-starter-validation\3.1.0\spring-boot-starter-validation-3.1.0.jar;C:\Users\WILopes\.m2\repository\org\apache\tomcat\embed\tomcat-embed-el\10.1.8\tomcat-embed-el-10.1.8.jar;C:\Users\WILopes\.m2\repository\org\hibernate\validator\hibernate-validator\8.0.0.Final\hibernate-validator-8.0.0.Final.jar;C:\Users\WILopes\.m2\repository\jakarta\validation\jakarta.validation-api\3.0.2\jakarta.validation-api-3.0.2.jar;C:\Users\WILopes\.m2\repository\org\springframework\boot\spring-boot-starter-test\3.1.0\spring-boot-starter-test-3.1.0.jar;C:\Users\WILopes\.m2\repository\org\springframework\boot\spring-boot-test\3.1.0\spring-boot-test-3.1.0.jar;C:\Users\WILopes\.m2\repository\org\springframework\boot\spring-boot-test-autoconfigure\3.1.0\spring-boot-test-autoconfigure-3.1.0.jar;C:\Users\WILopes\.m2\repository\com\jayway\jsonpath\json-path\2.8.0\json-path-2.8.0.jar;C:\Users\WILopes\.m2\repository\jakarta\xml\bind\jakarta.xml.bind-api\4.0.0\jakarta.xml.bind-api-4.0.0.jar;C:\Users\WILopes\.m2\repository\jakarta\activation\jakarta.activation-api\2.1.2\jakarta.activation-api-2.1.2.jar;C:\Users\WILopes\.m2\repository\net\minidev\json-smart\2.4.10\json-smart-2.4.10.jar;C:\Users\WILopes\.m2\repository\net\minidev\accessors-smart\2.4.9\accessors-smart-2.4.9.jar;C:\Users\WILopes\.m2\repository\org\ow2\asm\asm\9.3\asm-9.3.jar;C:\Users\WILopes\.m2\repository\org\assertj\assertj-core\3.24.2\assertj-core-3.24.2.jar;C:\Users\WILopes\.m2\repository\org\hamcrest\hamcrest\2.2\hamcrest-2.2.jar;C:\Users\WILopes\.m2\repository\org\junit\jupiter\junit-jupiter\5.9.3\junit-jupiter-5.9.3.jar;C:\Users\WILopes\.m2\repository\org\junit\jupiter\junit-jupiter-api\5.9.3\junit-jupiter-api-5.9.3.jar;C:\Users\WILopes\.m2\repository\org\opentest4j\opentest4j\1.2.0\opentest4j-1.2.0.jar;C:\Users\WILopes\.m2\repository\org\junit\platform\junit-platform-commons\1.9.3\junit-platform-commons-1.9.3.jar;C:\Users\WILopes\.m2\repository\org\apiguardian\apiguardian-api\1.1.2\apiguardian-api-1.1.2.jar;C:\Users\WILopes\.m2\repository\org\junit\jupiter\junit-jupiter-params\5.9.3\junit-jupiter-params-5.9.3.jar;C:\Users\WILopes\.m2\repository\org\junit\jupiter\junit-jupiter-engine\5.9.3\junit-jupiter-engine-5.9.3.jar;C:\Users\WILopes\.m2\repository\org\junit\platform\junit-platform-engine\1.9.3\junit-platform-engine-1.9.3.jar;C:\Users\WILopes\.m2\repository\org\mockito\mockito-core\5.3.1\mockito-core-5.3.1.jar;C:\Users\WILopes\.m2\repository\net\bytebuddy\byte-buddy-agent\1.14.4\byte-buddy-agent-1.14.4.jar;C:\Users\WILopes\.m2\repository\org\objenesis\objenesis\3.3\objenesis-3.3.jar;C:\Users\WILopes\.m2\repository\org\mockito\mockito-junit-jupiter\5.3.1\mockito-junit-jupiter-5.3.1.jar;C:\Users\WILopes\.m2\repository\org\skyscreamer\jsonassert\1.5.1\jsonassert-1.5.1.jar;C:\Users\WILopes\.m2\repository\com\vaadin\external\google\android-json\0.0.20131108.vaadin1\android-json-0.0.20131108.vaadin1.jar;C:\Users\WILopes\.m2\repository\org\springframework\spring-core\6.0.9\spring-core-6.0.9.jar;C:\Users\WILopes\.m2\repository\org\springframework\spring-jcl\6.0.9\spring-jcl-6.0.9.jar;C:\Users\WILopes\.m2\repository\org\springframework\spring-test\6.0.9\spring-test-6.0.9.jar;C:\Users\WILopes\.m2\repository\org\xmlunit\xmlunit-core\2.9.1\xmlunit-core-2.9.1.jar;C:\Users\WILopes\.m2\repository\org\springframework\boot\spring-boot-starter-security\3.1.0\spring-boot-starter-security-3.1.0.jar;C:\Users\WILopes\.m2\repository\org\springframework\spring-aop\6.0.9\spring-aop-6.0.9.jar;C:\Users\WILopes\.m2\repository\org\springframework\security\spring-security-config\6.1.0\spring-security-config-6.1.0.jar;C:\Users\WILopes\.m2\repository\org\springframework\security\spring-security-web\6.1.0\spring-security-web-6.1.0.jar;C:\Users\WILopes\.m2\repository\org\springframework\boot\spring-boot-devtools\3.1.0\spring-boot-devtools-3.1.0.jar;C:\Users\WILopes\.m2\repository\org\springframework\boot\spring-boot\3.1.0\spring-boot-3.1.0.jar;C:\Users\WILopes\.m2\repository\org\springframework\boot\spring-boot-autoconfigure\3.1.0\spring-boot-autoconfigure-3.1.0.jar;C:\Users\WILopes\.m2\repository\org\springframework\security\spring-security-test\6.1.0\spring-security-test-6.1.0.jar;C:\Users\WILopes\.m2\repository\org\springframework\security\spring-security-core\6.1.0\spring-security-core-6.1.0.jar;C:\Users\WILopes\.m2\repository\org\springframework\security\spring-security-crypto\6.1.0\spring-security-crypto-6.1.0.jar;C:\Users\WILopes\.m2\repository\io\jsonwebtoken\jjwt-api\0.11.5\jjwt-api-0.11.5.jar;C:\Users\WILopes\.m2\repository\io\jsonwebtoken\jjwt-impl\0.11.5\jjwt-impl-0.11.5.jar;C:\Users\WILopes\.m2\repository\io\jsonwebtoken\jjwt-jackson\0.11.5\jjwt-jackson-0.11.5.jar;C:\Users\WILopes\.m2\repository\com\fasterxml\jackson\core\jackson-databind\2.15.0\jackson-databind-2.15.0.jar;C:\Users\WILopes\.m2\repository\com\fasterxml\jackson\core\jackson-annotations\2.15.0\jackson-annotations-2.15.0.jar;C:\Users\WILopes\.m2\repository\com\fasterxml\jackson\core\jackson-core\2.15.0\jackson-core-2.15.0.jar;"/>
    <property name="sun.cpu.endian" value="little"/>
    <property name="user.home" value="C:\Users\WILopes"/>
    <property name="user.language" value="pt"/>
    <property name="java.specification.vendor" value="Oracle Corporation"/>
    <property name="java.version.date" value="2024-01-16"/>
    <property name="java.home" value="C:\Program Files\Java\jdk-17"/>
    <property name="file.separator" value="\"/>
    <property name="basedir" value="C:\Projects\FullStack\samsung\catalogo-back"/>
    <property name="java.vm.compressedOopsMode" value="Zero based"/>
    <property name="line.separator" value="&#10;"/>
    <property name="java.vm.specification.vendor" value="Oracle Corporation"/>
    <property name="java.specification.name" value="Java Platform API Specification"/>
    <property name="FILE_LOG_CHARSET" value="windows-1252"/>
    <property name="java.awt.headless" value="true"/>
    <property name="surefire.real.class.path" value="C:\Users\WILopes\AppData\Local\Temp\surefire16294715247340412938\surefirebooter-20240702164949555_3.jar"/>
    <property name="user.script" value=""/>
    <property name="sun.management.compiler" value="HotSpot 64-Bit Tiered Compilers"/>
    <property name="java.runtime.version" value="17.0.10+11-LTS-240"/>
    <property name="user.name" value="WILopes"/>
    <property name="path.separator" value=";"/>
    <property name="os.version" value="10.0"/>
    <property name="java.runtime.name" value="Java(TM) SE Runtime Environment"/>
    <property name="file.encoding" value="Cp1252"/>
    <property name="java.vm.name" value="Java HotSpot(TM) 64-Bit Server VM"/>
    <property name="localRepository" value="C:\Users\WILopes\.m2\repository"/>
    <property name="java.vendor.url.bug" value="https://bugreport.java.com/bugreport/"/>
    <property name="java.io.tmpdir" value="C:\Users\WILopes\AppData\Local\Temp\"/>
    <property name="com.zaxxer.hikari.pool_number" value="1"/>
    <property name="java.version" value="17.0.10"/>
    <property name="user.dir" value="C:\Projects\FullStack\samsung\catalogo-back"/>
    <property name="os.arch" value="amd64"/>
    <property name="java.vm.specification.name" value="Java Virtual Machine Specification"/>
    <property name="PID" value="27768"/>
    <property name="sun.os.patch.level" value=""/>
    <property name="CONSOLE_LOG_CHARSET" value="windows-1252"/>
    <property name="native.encoding" value="Cp1252"/>
    <property name="java.library.path" value="C:\Program Files\Java\jdk-17\bin;C:\Windows\Sun\Java\bin;C:\Windows\system32;C:\Windows;C:\Program Files\Common Files\Oracle\Java\javapath;C:\Program Files (x86)\Common Files\Oracle\Java\javapath;C:\Windows\system32;C:\Windows;C:\Windows\System32\Wbem;C:\Windows\System32\WindowsPowerShell\v1.0\;C:\Windows\System32\OpenSSH\;C:\Program Files (x86)\Microsoft SQL Server\160\DTS\Binn\;C:\Program Files\Azure Data Studio\bin;C:\Program Files (x86)\Windows Kits\8.1\Windows Performance Toolkit\;C:\Program Files\Microsoft SQL Server\110\Tools\Binn\;C:\Program Files\Microsoft SQL Server\130\Tools\Binn\;C:\Program Files\Microsoft SQL Server\Client SDK\ODBC\170\Tools\Binn\;C:\Program Files (x86)\Microsoft SQL Server\120\Tools\Binn\ManagementStudio\;C:\Program Files (x86)\Microsoft SQL Server\120\Tools\Binn\;C:\Program Files (x86)\Microsoft Visual Studio 12.0\Common7\IDE\PrivateAssemblies\;C:\Program Files (x86)\Microsoft SQL Server\120\DTS\Binn\;C:\Program Files\dotnet\;C:\Program Files (x86)\GitExtensions\;C:\Program Files\Git\cmd;C:\Program Files\Microsoft SQL Server\150\Tools\Binn\;C:\Program Files\Microsoft SQL Server\130\DTS\Binn\;C:\Program Files\Microsoft SQL Server\140\DTS\Binn\;C:\Program Files\Microsoft SQL Server\150\DTS\Binn\;C:\Program Files\Microsoft SQL Server\160\DTS\Binn\;C:\Program Files\Meld\;C:\curl-8.7.1_7-win64-mingw\bin;C:\Program Files\nodejs\;C:\Program Files\Docker\Docker\resources\bin;C:\Program Files\Apache\Maven\apache-maven-3.9.8\bin;C:\Users\WILopes\AppData\Local\Microsoft\WindowsApps;C:\Users\WILopes\AppData\Local\Programs\Microsoft VS Code\bin;C:\Users\WILopes\.dotnet\tools;C:\Users\WILopes\AppData\Roaming\npm;."/>
    <property name="java.vm.info" value="mixed mode, sharing"/>
    <property name="java.vendor" value="Oracle Corporation"/>
    <property name="java.vm.version" value="17.0.10+11-LTS-240"/>
    <property name="sun.io.unicode.encoding" value="UnicodeLittle"/>
    <property name="java.class.version" value="61.0"/>
  </properties>
  <testcase name="contextLoads" classname="com.samsung.springboot.SpringbootApplicationTests" time="0.437">
    <system-out><![CDATA[16:49:50.367 [main] INFO org.springframework.test.context.support.AnnotationConfigContextLoaderUtils -- Could not detect default configuration classes for test class [com.samsung.springboot.SpringbootApplicationTests]: SpringbootApplicationTests does not declare any static, non-private, non-final, nested classes annotated with @Configuration.
16:49:50.445 [main] INFO org.springframework.boot.test.context.SpringBootTestContextBootstrapper -- Found @SpringBootConfiguration com.samsung.springboot.SpringbootApplication for test class com.samsung.springboot.SpringbootApplicationTests

  .   ____          _            __ _ _
 /\\ / ___'_ __ _ _(_)_ __  __ _ \ \ \ \
( ( )\___ | '_ | '_| | '_ \/ _` | \ \ \ \
 \\/  ___)| |_)| | | | | || (_| |  ) ) ) )
  '  |____| .__|_| |_|_| |_\__, | / / / /
 =========|_|==============|___/=/_/_/_/
 :: Spring Boot ::                (v3.1.0)

2024-07-02T16:49:50.788-03:00  INFO 27768 --- [           main] c.s.s.SpringbootApplicationTests         : Starting SpringbootApplicationTests using Java 17.0.10 with PID 27768 (started by WILopes in C:\Projects\FullStack\samsung\catalogo-back)
2024-07-02T16:49:50.788-03:00  INFO 27768 --- [           main] c.s.s.SpringbootApplicationTests         : No active profile set, falling back to 1 default profile: "default"
2024-07-02T16:49:51.390-03:00  INFO 27768 --- [           main] .s.d.r.c.RepositoryConfigurationDelegate : Bootstrapping Spring Data JPA repositories in DEFAULT mode.
2024-07-02T16:49:51.484-03:00  INFO 27768 --- [           main] .s.d.r.c.RepositoryConfigurationDelegate : Finished Spring Data repository scanning in 82 ms. Found 14 JPA repository interfaces.
2024-07-02T16:49:51.859-03:00  INFO 27768 --- [           main] com.zaxxer.hikari.HikariDataSource       : HikariPool-1 - Starting...
2024-07-02T16:49:52.202-03:00  INFO 27768 --- [           main] com.zaxxer.hikari.pool.HikariPool        : HikariPool-1 - Added connection com.mysql.cj.jdbc.ConnectionImpl@1e1e837d
2024-07-02T16:49:52.202-03:00  INFO 27768 --- [           main] com.zaxxer.hikari.HikariDataSource       : HikariPool-1 - Start completed.
2024-07-02T16:49:52.281-03:00  INFO 27768 --- [           main] o.hibernate.jpa.internal.util.LogHelper  : HHH000204: Processing PersistenceUnitInfo [name: default]
2024-07-02T16:49:52.327-03:00  INFO 27768 --- [           main] org.hibernate.Version                    : HHH000412: Hibernate ORM core version 6.2.2.Final
2024-07-02T16:49:52.327-03:00  INFO 27768 --- [           main] org.hibernate.cfg.Environment            : HHH000406: Using bytecode reflection optimizer
2024-07-02T16:49:52.464-03:00  INFO 27768 --- [           main] o.h.b.i.BytecodeProviderInitiator        : HHH000021: Bytecode provider name : bytebuddy
2024-07-02T16:49:52.577-03:00  INFO 27768 --- [           main] o.s.o.j.p.SpringPersistenceUnitInfo      : No LoadTimeWeaver setup: ignoring JPA class transformer
2024-07-02T16:49:52.640-03:00  INFO 27768 --- [           main] org.hibernate.orm.dialect                : HHH035001: Using dialect: org.hibernate.dialect.MySQLDialect, version: 8.0.37
2024-07-02T16:49:52.890-03:00  INFO 27768 --- [           main] o.h.b.i.BytecodeProviderInitiator        : HHH000021: Bytecode provider name : bytebuddy
2024-07-02T16:49:53.530-03:00  INFO 27768 --- [           main] o.h.e.t.j.p.i.JtaPlatformInitiator       : HHH000490: Using JtaPlatform implementation: [org.hibernate.engine.transaction.jta.platform.internal.NoJtaPlatform]
2024-07-02T16:49:53.577-03:00 DEBUG 27768 --- [           main] org.hibernate.SQL                        : alter table cart_itens modify column created_at  datetime(6)
Hibernate: alter table cart_itens modify column created_at  datetime(6)
2024-07-02T16:49:53.593-03:00 DEBUG 27768 --- [           main] org.hibernate.SQL                        : alter table cart_itens modify column updated_at  datetime(6)
Hibernate: alter table cart_itens modify column updated_at  datetime(6)
2024-07-02T16:49:53.593-03:00 DEBUG 27768 --- [           main] org.hibernate.SQL                        : alter table carts modify column created_at  datetime(6)
Hibernate: alter table carts modify column created_at  datetime(6)
2024-07-02T16:49:53.609-03:00 DEBUG 27768 --- [           main] org.hibernate.SQL                        : alter table carts modify column updated_at  datetime(6)
Hibernate: alter table carts modify column updated_at  datetime(6)
2024-07-02T16:49:53.609-03:00 DEBUG 27768 --- [           main] org.hibernate.SQL                        : alter table categories modify column created_at  datetime(6)
Hibernate: alter table categories modify column created_at  datetime(6)
2024-07-02T16:49:53.624-03:00 DEBUG 27768 --- [           main] org.hibernate.SQL                        : alter table categories modify column updated_at  datetime(6)
Hibernate: alter table categories modify column updated_at  datetime(6)
2024-07-02T16:49:53.624-03:00 DEBUG 27768 --- [           main] org.hibernate.SQL                        : alter table checkout modify column created_at  datetime(6)
Hibernate: alter table checkout modify column created_at  datetime(6)
2024-07-02T16:49:53.640-03:00 DEBUG 27768 --- [           main] org.hibernate.SQL                        : alter table checkout modify column updated_at  datetime(6)
Hibernate: alter table checkout modify column updated_at  datetime(6)
2024-07-02T16:49:53.640-03:00 DEBUG 27768 --- [           main] org.hibernate.SQL                        : alter table order_itens modify column created_at  datetime(6)
Hibernate: alter table order_itens modify column created_at  datetime(6)
2024-07-02T16:49:53.655-03:00 DEBUG 27768 --- [           main] org.hibernate.SQL                        : alter table order_itens modify column updated_at  datetime(6)
Hibernate: alter table order_itens modify column updated_at  datetime(6)
2024-07-02T16:49:53.655-03:00 DEBUG 27768 --- [           main] org.hibernate.SQL                        : alter table orders modify column created_at  datetime(6)
Hibernate: alter table orders modify column created_at  datetime(6)
2024-07-02T16:49:53.671-03:00 DEBUG 27768 --- [           main] org.hibernate.SQL                        : alter table orders modify column updated_at  datetime(6)
Hibernate: alter table orders modify column updated_at  datetime(6)
2024-07-02T16:49:53.671-03:00 DEBUG 27768 --- [           main] org.hibernate.SQL                        : alter table payments_types modify column created_at  datetime(6)
Hibernate: alter table payments_types modify column created_at  datetime(6)
2024-07-02T16:49:53.687-03:00 DEBUG 27768 --- [           main] org.hibernate.SQL                        : alter table payments_types modify column updated_at  datetime(6)
Hibernate: alter table payments_types modify column updated_at  datetime(6)
2024-07-02T16:49:53.687-03:00 DEBUG 27768 --- [           main] org.hibernate.SQL                        : alter table person_address modify column created_at  datetime(6)
Hibernate: alter table person_address modify column created_at  datetime(6)
2024-07-02T16:49:53.687-03:00 DEBUG 27768 --- [           main] org.hibernate.SQL                        : alter table person_address modify column updated_at  datetime(6)
Hibernate: alter table person_address modify column updated_at  datetime(6)
2024-07-02T16:49:53.702-03:00 DEBUG 27768 --- [           main] org.hibernate.SQL                        : alter table product_favorite modify column created_at  datetime(6)
Hibernate: alter table product_favorite modify column created_at  datetime(6)
2024-07-02T16:49:53.702-03:00 DEBUG 27768 --- [           main] org.hibernate.SQL                        : alter table product_favorite modify column updated_at  datetime(6)
Hibernate: alter table product_favorite modify column updated_at  datetime(6)
2024-07-02T16:49:53.718-03:00 DEBUG 27768 --- [           main] org.hibernate.SQL                        : alter table product_featured modify column created_at  datetime(6)
Hibernate: alter table product_featured modify column created_at  datetime(6)
2024-07-02T16:49:53.718-03:00 DEBUG 27768 --- [           main] org.hibernate.SQL                        : alter table product_featured modify column updated_at  datetime(6)
Hibernate: alter table product_featured modify column updated_at  datetime(6)
2024-07-02T16:49:53.718-03:00 DEBUG 27768 --- [           main] org.hibernate.SQL                        : alter table product_images modify column created_at  datetime(6)
Hibernate: alter table product_images modify column created_at  datetime(6)
2024-07-02T16:49:53.734-03:00 DEBUG 27768 --- [           main] org.hibernate.SQL                        : alter table product_images modify column updated_at  datetime(6)
Hibernate: alter table product_images modify column updated_at  datetime(6)
2024-07-02T16:49:53.780-03:00 DEBUG 27768 --- [           main] org.hibernate.SQL                        : alter table products modify column created_at  datetime(6)
Hibernate: alter table products modify column created_at  datetime(6)
2024-07-02T16:49:53.796-03:00 DEBUG 27768 --- [           main] org.hibernate.SQL                        : alter table products modify column updated_at  datetime(6)
Hibernate: alter table products modify column updated_at  datetime(6)
2024-07-02T16:49:53.812-03:00 DEBUG 27768 --- [           main] org.hibernate.SQL                        : alter table units modify column created_at  datetime(6)
Hibernate: alter table units modify column created_at  datetime(6)
2024-07-02T16:49:53.812-03:00 DEBUG 27768 --- [           main] org.hibernate.SQL                        : alter table units modify column updated_at  datetime(6)
Hibernate: alter table units modify column updated_at  datetime(6)
2024-07-02T16:49:53.874-03:00  INFO 27768 --- [           main] j.LocalContainerEntityManagerFactoryBean : Initialized JPA EntityManagerFactory for persistence unit 'default'
2024-07-02T16:49:54.280-03:00  INFO 27768 --- [           main] o.s.d.j.r.query.QueryEnhancerFactory     : Hibernate is in classpath; If applicable, HQL parser will be used.
2024-07-02T16:49:54.827-03:00  WARN 27768 --- [           main] JpaBaseConfiguration$JpaWebConfiguration : spring.jpa.open-in-view is enabled by default. Therefore, database queries may be performed during view rendering. Explicitly configure spring.jpa.open-in-view to disable this warning
2024-07-02T16:49:55.062-03:00  INFO 27768 --- [           main] o.s.s.web.DefaultSecurityFilterChain     : Will secure any request with [org.springframework.security.web.session.DisableEncodeUrlFilter@484a91f5, org.springframework.security.web.context.request.async.WebAsyncManagerIntegrationFilter@1f3b8bfe, org.springframework.security.web.context.SecurityContextHolderFilter@604a9d87, org.springframework.security.web.header.HeaderWriterFilter@74dde921, org.springframework.web.filter.CorsFilter@1b596e21, org.springframework.security.web.authentication.logout.LogoutFilter@5264e41d, com.samsung.springboot.config.JwtAuthFilter@319ea996, org.springframework.security.web.savedrequest.RequestCacheAwareFilter@1dde749e, org.springframework.security.web.servletapi.SecurityContextHolderAwareRequestFilter@26a9754a, org.springframework.security.web.authentication.AnonymousAuthenticationFilter@7de1cc9f, org.springframework.security.web.session.SessionManagementFilter@a809a62, org.springframework.security.web.access.ExceptionTranslationFilter@c4ba591, org.springframework.security.web.access.intercept.AuthorizationFilter@2fcf1d27]
2024-07-02T16:49:55.077-03:00  WARN 27768 --- [           main] o.s.s.c.a.web.builders.WebSecurity       : You are asking Spring Security to ignore Ant [pattern='/h2-console/**']. This is not recommended -- please use permitAll via HttpSecurity#authorizeHttpRequests instead.
2024-07-02T16:49:55.077-03:00  INFO 27768 --- [           main] o.s.s.web.DefaultSecurityFilterChain     : Will not secure Ant [pattern='/h2-console/**']
2024-07-02T16:49:55.327-03:00  INFO 27768 --- [           main] c.s.s.SpringbootApplicationTests         : Started SpringbootApplicationTests in 4.754 seconds (process running for 5.667)
]]></system-out>
  </testcase>
</testsuite>